#
# A fatal error has been detected by the Java Runtime Environment:
#
#  EXCEPTION_ACCESS_VIOLATION (0xc0000005) at pc=0x6e915f60, pid=7396, tid=6836
#
# JRE version: Java(TM) SE Runtime Environment (7.0_80-b15) (build 1.7.0_80-b15)
# Java VM: Java HotSpot(TM) Client VM (24.80-b11 mixed mode windows-x86 )
# Problematic frame:
# V  [jvm.dll+0x35f60]
#
# Failed to write core dump. Minidumps are not enabled by default on client versions of Windows
#
# If you would like to submit a bug report, please visit:
#   http://bugreport.java.com/bugreport/crash.jsp
#

---------------  T H R E A D  ---------------

Current thread (0x16d97c00):  JavaThread "JDWP Transport Listener: dt_socket" daemon [_thread_in_vm, id=6836, stack(0x17070000,0x170c0000)]

siginfo: ExceptionCode=0xc0000005, reading address 0x00000008

Registers:
EAX=0x02c8a968, EBX=0x16d97c00, ECX=0x00000000, EDX=0x00000000
ESP=0x170bfc04, EBP=0x170bfc08, ESI=0x00000000, EDI=0x6d6fe15c
EIP=0x6e915f60, EFLAGS=0x00010246

Top of Stack: (sp=0x170bfc04)
0x170bfc04:   16d97d30 170bfc30 6e9a2d26 02c8a968
0x170bfc14:   6d6fe15c 16d97d30 6d6fe174 16d97c00
0x170bfc24:   00000000 16d97d30 170bfcf4 6d6fe99c
0x170bfc34:   6d6e63b2 16d97d30 02c8a968 00000000
0x170bfc44:   170bfc68 170bfcf4 16dd2748 170bfca4
0x170bfc54:   16da35cc 170bfc74 6d6ebd27 170bfc74
0x170bfc64:   170bfca8 6d6fe890 6d355004 6d702c68
0x170bfc74:   16dd0c98 0000000b 16d90000 00000013 

Instructions: (pc=0x6e915f60)
0x6e915f40:   8b 0d 98 bd c1 6e 85 c9 7e 05 8b 0c 01 eb 02 33
0x6e915f50:   c9 8b 15 9c bd c1 6e 85 d2 7e 05 8b 04 02 eb 03
0x6e915f60:   8b 46 08 85 c0 75 0f 33 c9 50 51 e8 d0 a7 15 00
0x6e915f70:   83 c4 08 5e 5d c3 8d 4c 4e 0c 50 51 e8 bf a7 15 


Register to memory mapping:

EAX=
[error occurred during error reporting (printing register info), id 0xc0000005]

Stack: [0x17070000,0x170c0000],  sp=0x170bfc04,  free space=319k
Native frames: (J=compiled Java code, j=interpreted, Vv=VM code, C=native code)
V  [jvm.dll+0x35f60]
V  [jvm.dll+0xc2d26]


---------------  P R O C E S S  ---------------

Java Threads: ( => current thread )
  0x16da5c00 JavaThread "Service Thread" daemon [_thread_blocked, id=6728, stack(0x171b0000,0x17200000)]
  0x16da5000 JavaThread "C1 CompilerThread0" daemon [_thread_blocked, id=1700, stack(0x17160000,0x171b0000)]
  0x16d9c400 JavaThread "JDWP Command Reader" daemon [_thread_in_native, id=7032, stack(0x17110000,0x17160000)]
  0x16d9a400 JavaThread "JDWP Event Helper Thread" daemon [_thread_blocked, id=5224, stack(0x170c0000,0x17110000)]
=>0x16d97c00 JavaThread "JDWP Transport Listener: dt_socket" daemon [_thread_in_vm, id=6836, stack(0x17070000,0x170c0000)]
  0x16d8b000 JavaThread "Attach Listener" daemon [_thread_blocked, id=6348, stack(0x16fd0000,0x17020000)]
  0x16d89c00 JavaThread "Signal Dispatcher" daemon [_thread_blocked, id=6640, stack(0x16f80000,0x16fd0000)]
  0x00ab6c00 JavaThread "Finalizer" daemon [_thread_blocked, id=5596, stack(0x16d30000,0x16d80000)]
  0x00ab1c00 JavaThread "Reference Handler" daemon [_thread_blocked, id=7280, stack(0x16ce0000,0x16d30000)]
  0x0085b400 JavaThread "main" [_thread_blocked, id=4604, stack(0x00940000,0x00990000)]

Other Threads:
  0x00aaf000 VMThread [stack: 0x16c90000,0x16ce0000] [id=4104]
  0x16dba400 WatcherThread [stack: 0x17200000,0x17250000] [id=2324]

VM state:not at safepoint (normal execution)

VM Mutex/Monitor currently owned by a thread: None

Heap
 def new generation   total 4928K, used 618K [0x02c00000, 0x03150000, 0x08150000)
  eden space 4416K,  14% used [0x02c00000, 0x02c9abb8, 0x03050000)
  from space 512K,   0% used [0x03050000, 0x03050000, 0x030d0000)
  to   space 512K,   0% used [0x030d0000, 0x030d0000, 0x03150000)
 tenured generation   total 10944K, used 0K [0x08150000, 0x08c00000, 0x12c00000)
   the space 10944K,   0% used [0x08150000, 0x08150000, 0x08150200, 0x08c00000)
 compacting perm gen  total 12288K, used 1649K [0x12c00000, 0x13800000, 0x16c00000)
   the space 12288K,  13% used [0x12c00000, 0x12d9c7b0, 0x12d9c800, 0x13800000)
No shared spaces configured.

Card table byte_map: [0x02b40000,0x02bf0000] byte_map_base: 0x02b2a000

Polling page: 0x00990000

Code Cache  [0x00ac0000, 0x00b58000, 0x02ac0000)
 total_blobs=128 nmethods=8 adapters=66 free_code_cache=32187Kb largest_free_block=32959488

Compilation events (10 events):
Event: 0.792 Thread 0x16da5000    4             java.lang.String::lastIndexOf (52 bytes)
Event: 0.792 Thread 0x16da5000 nmethod 4 0x00b50408 code [0x00b50510, 0x00b5062c]
Event: 0.793 Thread 0x16da5000    5             java.lang.String::charAt (29 bytes)
Event: 0.793 Thread 0x16da5000 nmethod 5 0x00b50708 code [0x00b50820, 0x00b5095c]
Event: 0.793 Thread 0x16da5000    6             java.lang.Object::<init> (1 bytes)
Event: 0.793 Thread 0x16da5000 nmethod 6 0x00b50ac8 code [0x00b50bc0, 0x00b50c50]
Event: 0.815 Thread 0x16da5000    7             java.lang.String::equals (81 bytes)
Event: 0.816 Thread 0x16da5000 nmethod 7 0x00b50cc8 code [0x00b50de0, 0x00b50f80]
Event: 0.816 Thread 0x16da5000    8             java.lang.AbstractStringBuilder::ensureCapacityInternal (16 bytes)
Event: 0.816 Thread 0x16da5000 nmethod 8 0x00b511c8 code [0x00b512d0, 0x00b5138c]

GC Heap History (0 events):
No events

Deoptimization events (0 events):
No events

Internal exceptions (3 events):
Event: 0.254 Thread 0x0085b400 Threw 0x02c0eab0 at C:\re\jdk7u80\2329\hotspot\src\share\vm\prims\jni.cpp:3991
Event: 0.795 Thread 0x0085b400 Threw 0x02c6b0d0 at C:\re\jdk7u80\2329\hotspot\src\share\vm\prims\jvm.cpp:1319
Event: 0.829 Thread 0x0085b400 Threw 0x02c88dd8 at C:\re\jdk7u80\2329\hotspot\src\share\vm\prims\jvm.cpp:1319

Events (10 events):
Event: 45.860 Executing VM operation: ChangeSingleStep
Event: 45.860 Executing VM operation: ChangeSingleStep done
Event: 45.861 Executing VM operation: ChangeSingleStep
Event: 45.861 Executing VM operation: ChangeSingleStep done
Event: 45.880 Executing VM operation: GetOrSetLocal
Event: 45.880 Executing VM operation: GetOrSetLocal done
Event: 45.885 Executing VM operation: GetOrSetLocal
Event: 45.885 Executing VM operation: GetOrSetLocal done
Event: 46.433 Executing VM operation: GetOrSetLocal
Event: 46.433 Executing VM operation: GetOrSetLocal done


Dynamic libraries:
0x00400000 - 0x0042f000 	C:\Program Files\Java\jdk1.7.0_80\bin\javaw.exe
0x7c900000 - 0x7c9b3000 	C:\WINDOWS\system32\ntdll.dll
0x7c800000 - 0x7c8f8000 	C:\WINDOWS\system32\kernel32.dll
0x77dc0000 - 0x77e6c000 	C:\WINDOWS\system32\ADVAPI32.dll
0x77e70000 - 0x77f03000 	C:\WINDOWS\system32\RPCRT4.dll
0x77fe0000 - 0x77ff1000 	C:\WINDOWS\system32\Secur32.dll
0x7e360000 - 0x7e3fe000 	C:\WINDOWS\system32\USER32.dll
0x77f10000 - 0x77f59000 	C:\WINDOWS\system32\GDI32.dll
0x773c0000 - 0x774c3000 	C:\WINDOWS\WinSxS\x86_Microsoft.Windows.Common-Controls_6595b64144ccf1df_6.0.2600.6028_x-ww_61e65202\COMCTL32.dll
0x77c00000 - 0x77c58000 	C:\WINDOWS\system32\msvcrt.dll
0x77f60000 - 0x77fd6000 	C:\WINDOWS\system32\SHLWAPI.dll
0x78aa0000 - 0x78b5f000 	C:\Program Files\Java\jdk1.7.0_80\jre\bin\msvcr100.dll
0x6e8e0000 - 0x6ec6b000 	C:\Program Files\Java\jdk1.7.0_80\jre\bin\client\jvm.dll
0x71ab0000 - 0x71aba000 	C:\WINDOWS\system32\WSOCK32.dll
0x71a90000 - 0x71aa7000 	C:\WINDOWS\system32\WS2_32.dll
0x71a80000 - 0x71a88000 	C:\WINDOWS\system32\WS2HELP.dll
0x76b20000 - 0x76b4e000 	C:\WINDOWS\system32\WINMM.dll
0x76be0000 - 0x76beb000 	C:\WINDOWS\system32\PSAPI.DLL
0x6e830000 - 0x6e83c000 	C:\Program Files\Java\jdk1.7.0_80\jre\bin\verify.dll
0x6d590000 - 0x6d5b1000 	C:\Program Files\Java\jdk1.7.0_80\jre\bin\java.dll
0x6d6e0000 - 0x6d70a000 	C:\Program Files\Java\jdk1.7.0_80\jre\bin\jdwp.dll
0x6e6b0000 - 0x6e6b7000 	C:\Program Files\Java\jdk1.7.0_80\jre\bin\npt.dll
0x6e8c0000 - 0x6e8d3000 	C:\Program Files\Java\jdk1.7.0_80\jre\bin\zip.dll
0x6d350000 - 0x6d358000 	C:\Program Files\Java\jdk1.7.0_80\jre\bin\dt_socket.dll
0x71a30000 - 0x71a70000 	C:\WINDOWS\System32\mswsock.dll
0x76f10000 - 0x76f37000 	C:\WINDOWS\system32\DNSAPI.dll
0x76d50000 - 0x76d69000 	C:\WINDOWS\system32\iphlpapi.dll
0x76fa0000 - 0x76fa8000 	C:\WINDOWS\System32\winrnr.dll
0x76f50000 - 0x76f7d000 	C:\WINDOWS\system32\WLDAP32.dll
0x76fb0000 - 0x76fb6000 	C:\WINDOWS\system32\rasadhlp.dll
0x698b0000 - 0x69908000 	C:\WINDOWS\system32\hnetcfg.dll
0x71a70000 - 0x71a78000 	C:\WINDOWS\System32\wshtcpip.dll
0x59c60000 - 0x59d01000 	C:\WINDOWS\system32\dbghelp.dll
0x77bf0000 - 0x77bf8000 	C:\WINDOWS\system32\VERSION.dll

VM Arguments:
jvm_args: -agentlib:jdwp=transport=dt_socket,suspend=y,address=localhost:1729 -Dfile.encoding=Cp1251 
java_command: main.Start
Launcher Type: SUN_STANDARD

Environment Variables:
JAVA_HOME=C:\Program Files\Java\jdk1.7.0_71\
CLASSPATH=E:\Torrents\Java\core_java_2\Derby\db-derby-10.10.2.0-bin\\lib\derby.jar;E:\Torrents\Java\core_java_2\Derby\db-derby-10.10.2.0-bin\\lib\derbytools.jar;E:\Torrents\Java\core_java_2\mongo\mongodb-win32-i386-2.0.7\;E:\Torrents\Java\core_java_2\Maven\;E:\Torrents\Java\core_java_2\mongo\JavaDriver3.0.0-rc1\; C:\Program Files\Java\jdk1.7.0_71\bin\;
PATH=C:\Program Files\Java\jdk1.7.0_80\jre\bin;C:/Program Files/Java/jre7/bin/client;C:/Program Files/Java/jre7/bin;C:/Program Files/Java/jre7/lib/i386;C:\Program Files\PC Connectivity Solution\;C:\WINDOWS\system32;C:\WINDOWS;C:\WINDOWS\System32\Wbem;C:\Program Files\ATI Technologies\ATI.ACE\Core-Static;C:\Program Files\Intel\WiFi\bin\;C:\Program Files\Common Files\Acronis\SnapAPI\; C:\Program Files\Java\jdk1.7.0_67\bin;C:\Windows\System32\;C:\Windows\;C:\Windows\System32\Wbem;DERBY_HOME\bin;DERBY_HOME\lib;C:\Program Files\PC Connectivity Solution\;C:\WINDOWS\system32;C:\WINDOWS;C:\WINDOWS\System32\Wbem;C:\Program Files\ATI Technologies\ATI.ACE\Core-Static;C:\Program Files\Intel\WiFi\bin\;C:\Program Files\Common Files\Acronis\SnapAPI\; C:\Program Files\Java\jdk1.7.0_67\bin;C:\Windows\System32\;C:\Windows\;C:\Windows\System32\Wbem;DERBY_HOME\bin;DERBY_HOME\lib;C:\Program Files\PC Connectivity Solution\;C:\WINDOWS\system32;C:\WINDOWS;C:\WINDOWS\System32\Wbem;C:\Program Files\ATI Technologies\ATI.ACE\Core-Static;C:\Program Files\Intel\WiFi\bin\;C:\Program Files\Common Files\Acronis\SnapAPI\; C:\Program Files\Java\jdk1.7.0_67\bin;C:\Windows\System32\;C:\Windows\;C:\Windows\System32\Wbem;DERBY_HOME\bin;DERBY_HOME\lib;C:\WINDOWS\System32;E:\Torrents\Java\core_java_2\mongo\mongodb-win32-i386-2.0.7\bin\;E:\Torrents\Java\core_java_2\Maven\apache-maven-3.1.1-bin\apache-maven-3.1.1\bin\;DERBY_HOME/bin;C:\Program Files\Java\jdk1.7.0_71\bin\;C:\Program Files\Skype\Phone\;E:\Torrents\Java\core_java_2\mongo\mongodb-win32-i386-2.0.7\bin\;E:\Torrents\Java\core_java_2\Maven\apache-maven-3.1.1-bin\apache-maven-3.1.1\bin\;DERBY_HOME/bin;C:\Program Files\Java\jdk1.7.0_71\bin\;C:\Program Files\Skype\Phone\;E:\Torrents\Java\core_java_2\mongo\mongodb-win32-i386-2.0.7\bin\;E:\Torrents\Java\core_java_2\Maven\apache-maven-3.1.1-bin\apache-maven-3.1.1\bin\;DERBY_HOME/bin;C:\Program Files\Java\jdk1.7.0_71\bin\;C:\Program Files\Skype\Phone\;C:\Documents and Settings\VOLAND;
USERNAME=VOLAND
OS=Windows_NT
PROCESSOR_IDENTIFIER=x86 Family 6 Model 23 Stepping 10, GenuineIntel



---------------  S Y S T E M  ---------------

OS: Windows XP Build 2600 Service Pack 3

CPU:total 2 (2 cores per cpu, 1 threads per core) family 6 model 23 stepping 10, cmov, cx8, fxsr, mmx, sse, sse2, sse3, ssse3, sse4.1, tsc

Memory: 4k page, physical 3139780k(618428k free), swap 9260732k(3040980k free)

vm_info: Java HotSpot(TM) Client VM (24.80-b11) for windows-x86 JRE (1.7.0_80-b15), built on Apr 10 2015 13:33:35 by "java_re" with unknown MS VC++:1600

time: Sun Jul 03 15:57:58 2016
elapsed time: 46 seconds

