#
# A fatal error has been detected by the Java Runtime Environment:
#
#  EXCEPTION_ACCESS_VIOLATION (0xc0000005) at pc=0x6e915f60, pid=4452, tid=4840
#
# JRE version: Java(TM) SE Runtime Environment (7.0_80-b15) (build 1.7.0_80-b15)
# Java VM: Java HotSpot(TM) Client VM (24.80-b11 mixed mode windows-x86 )
# Problematic frame:
# V  [jvm.dll+0x35f60]
#
# Failed to write core dump. Minidumps are not enabled by default on client versions of Windows
#
# If you would like to submit a bug report, please visit:
#   http://bugreport.java.com/bugreport/crash.jsp
#

---------------  T H R E A D  ---------------

Current thread (0x16d97c00):  JavaThread "JDWP Transport Listener: dt_socket" daemon [_thread_in_vm, id=4840, stack(0x17070000,0x170c0000)]

siginfo: ExceptionCode=0xc0000005, reading address 0x00000008

Registers:
EAX=0x05d010c0, EBX=0x16d97c00, ECX=0x00000000, EDX=0x00000000
ESP=0x170bfb84, EBP=0x170bfb88, ESI=0x00000000, EDI=0x6d6fe15c
EIP=0x6e915f60, EFLAGS=0x00010246

Top of Stack: (sp=0x170bfb84)
0x170bfb84:   16d97d30 170bfbb0 6e9a2d26 05d010c0
0x170bfb94:   6d6fe15c 16d97d30 6d6fe174 16d97c00
0x170bfba4:   00000000 16d97d30 170bfc74 6d6fe99c
0x170bfbb4:   6d6e63b2 16d97d30 05d010c0 00000000
0x170bfbc4:   170bfbe8 170bfc74 16f4c388 170bfc24
0x170bfbd4:   16ed45dc 170bfbf4 6d6ebd27 170bfbf4
0x170bfbe4:   170bfc28 6d6fe890 6d355004 6d702c68
0x170bfbf4:   173a8548 0000000b 16d90000 00000013 

Instructions: (pc=0x6e915f60)
0x6e915f40:   8b 0d 98 bd c1 6e 85 c9 7e 05 8b 0c 01 eb 02 33
0x6e915f50:   c9 8b 15 9c bd c1 6e 85 d2 7e 05 8b 04 02 eb 03
0x6e915f60:   8b 46 08 85 c0 75 0f 33 c9 50 51 e8 d0 a7 15 00
0x6e915f70:   83 c4 08 5e 5d c3 8d 4c 4e 0c 50 51 e8 bf a7 15 


Register to memory mapping:

EAX=
[error occurred during error reporting (printing register info), id 0xc0000005]

Stack: [0x17070000,0x170c0000],  sp=0x170bfb84,  free space=318k
Native frames: (J=compiled Java code, j=interpreted, Vv=VM code, C=native code)
V  [jvm.dll+0x35f60]
V  [jvm.dll+0xc2d26]


---------------  P R O C E S S  ---------------

Java Threads: ( => current thread )
  0x16ece400 JavaThread "Timer-0" daemon [_thread_blocked, id=4680, stack(0x17250000,0x172a0000)]
  0x16da6c00 JavaThread "Service Thread" daemon [_thread_blocked, id=1600, stack(0x171b0000,0x17200000)]
  0x16da5000 JavaThread "C1 CompilerThread0" daemon [_thread_blocked, id=6772, stack(0x17160000,0x171b0000)]
  0x16d9c000 JavaThread "JDWP Command Reader" daemon [_thread_in_native, id=6752, stack(0x17110000,0x17160000)]
  0x16d9a000 JavaThread "JDWP Event Helper Thread" daemon [_thread_blocked, id=8000, stack(0x170c0000,0x17110000)]
=>0x16d97c00 JavaThread "JDWP Transport Listener: dt_socket" daemon [_thread_in_vm, id=4840, stack(0x17070000,0x170c0000)]
  0x16d8b000 JavaThread "Attach Listener" daemon [_thread_blocked, id=6008, stack(0x16fd0000,0x17020000)]
  0x16d89c00 JavaThread "Signal Dispatcher" daemon [_thread_blocked, id=4244, stack(0x16f80000,0x16fd0000)]
  0x00ab6c00 JavaThread "Finalizer" daemon [_thread_blocked, id=7556, stack(0x16d30000,0x16d80000)]
  0x00ab1c00 JavaThread "Reference Handler" daemon [_thread_blocked, id=4472, stack(0x16ce0000,0x16d30000)]
  0x0085b400 JavaThread "main" [_thread_blocked, id=2584, stack(0x00940000,0x00990000)]

Other Threads:
  0x00aaf000 VMThread [stack: 0x16c90000,0x16ce0000] [id=2468]
  0x16dba800 WatcherThread [stack: 0x17200000,0x17250000] [id=332]

VM state:not at safepoint (normal execution)

VM Mutex/Monitor currently owned by a thread: None

Heap
 def new generation   total 78656K, used 51597K [0x02c00000, 0x08150000, 0x08150000)
  eden space 69952K,  73% used [0x02c00000, 0x05e634a0, 0x07050000)
  from space 8704K,   0% used [0x07050000, 0x07050000, 0x078d0000)
  to   space 8704K,   0% used [0x078d0000, 0x078d0000, 0x08150000)
 tenured generation   total 174784K, used 162324K [0x08150000, 0x12c00000, 0x12c00000)
   the space 174784K,  92% used [0x08150000, 0x11fd5000, 0x11fd5000, 0x12c00000)
 compacting perm gen  total 12288K, used 7608K [0x12c00000, 0x13800000, 0x16c00000)
   the space 12288K,  61% used [0x12c00000, 0x1336e1a0, 0x1336e200, 0x13800000)
No shared spaces configured.

Card table byte_map: [0x02b40000,0x02bf0000] byte_map_base: 0x02b2a000

Polling page: 0x00990000

Code Cache  [0x00ac0000, 0x00d28000, 0x02ac0000)
 total_blobs=1270 nmethods=1092 adapters=122 free_code_cache=30306Kb largest_free_block=31033472

Compilation events (10 events):
Event: 18.526 Thread 0x16da5000 1092             java.lang.Character::codePointAt (51 bytes)
Event: 18.527 Thread 0x16da5000 nmethod 1092 0x00d261c8 code [0x00d262f0, 0x00d26454]
Event: 18.527 Thread 0x16da5000 1093             java.util.regex.Pattern$GroupHead::match (47 bytes)
Event: 18.527 Thread 0x16da5000 nmethod 1093 0x00d26508 code [0x00d26620, 0x00d2674c]
Event: 18.527 Thread 0x16da5000 1094             java.util.regex.Pattern$Curly::match (86 bytes)
Event: 18.527 Thread 0x16da5000 nmethod 1094 0x00d26908 code [0x00d26a40, 0x00d26c00]
Event: 18.528 Thread 0x16da5000 1095             java.util.regex.Pattern$SliceI::match (96 bytes)
Event: 18.528 Thread 0x16da5000 nmethod 1095 0x00d26d48 code [0x00d26e70, 0x00d27018]
Event: 18.528 Thread 0x16da5000 1096             java.util.regex.Pattern$Curly::match0 (174 bytes)
Event: 18.529 Thread 0x16da5000 nmethod 1096 0x00d27188 code [0x00d272f0, 0x00d275a8]

GC Heap History (10 events):
Event: 13.696 GC heap before
{Heap before GC invocations=44 (full 5):
 def new generation   total 70336K, used 70336K [0x02c00000, 0x07850000, 0x08150000)
  eden space 62528K, 100% used [0x02c00000, 0x06910000, 0x06910000)
  from space 7808K, 100% used [0x06910000, 0x070b0000, 0x070b0000)
  to   space 7808K,   0% used [0x070b0000, 0x070b0000, 0x07850000)
 tenured generation   total 156180K, used 110168K [0x08150000, 0x119d5000, 0x12c00000)
   the space 156180K,  70% used [0x08150000, 0x0ece6030, 0x0ece6200, 0x119d5000)
 compacting perm gen  total 12288K, used 7284K [0x12c00000, 0x13800000, 0x16c00000)
   the space 12288K,  59% used [0x12c00000, 0x1331d348, 0x1331d400, 0x13800000)
No shared spaces configured.
Event: 13.822 GC heap after
Heap after GC invocations=45 (full 5):
 def new generation   total 70336K, used 7807K [0x02c00000, 0x07850000, 0x08150000)
  eden space 62528K,   0% used [0x02c00000, 0x02c00000, 0x06910000)
  from space 7808K,  99% used [0x070b0000, 0x0784fff8, 0x07850000)
  to   space 7808K,   0% used [0x06910000, 0x06910000, 0x070b0000)
 tenured generation   total 156180K, used 120884K [0x08150000, 0x119d5000, 0x12c00000)
   the space 156180K,  77% used [0x08150000, 0x0f75d2e0, 0x0f75d400, 0x119d5000)
 compacting perm gen  total 12288K, used 7284K [0x12c00000, 0x13800000, 0x16c00000)
   the space 12288K,  59% used [0x12c00000, 0x1331d348, 0x1331d400, 0x13800000)
No shared spaces configured.
}
Event: 14.520 GC heap before
{Heap before GC invocations=45 (full 5):
 def new generation   total 70336K, used 70335K [0x02c00000, 0x07850000, 0x08150000)
  eden space 62528K, 100% used [0x02c00000, 0x06910000, 0x06910000)
  from space 7808K,  99% used [0x070b0000, 0x0784fff8, 0x07850000)
  to   space 7808K,   0% used [0x06910000, 0x06910000, 0x070b0000)
 tenured generation   total 156180K, used 120884K [0x08150000, 0x119d5000, 0x12c00000)
   the space 156180K,  77% used [0x08150000, 0x0f75d2e0, 0x0f75d400, 0x119d5000)
 compacting perm gen  total 12288K, used 7284K [0x12c00000, 0x13800000, 0x16c00000)
   the space 12288K,  59% used [0x12c00000, 0x1331d348, 0x1331d400, 0x13800000)
No shared spaces configured.
Event: 14.644 GC heap after
Heap after GC invocations=46 (full 5):
 def new generation   total 70336K, used 7808K [0x02c00000, 0x07850000, 0x08150000)
  eden space 62528K,   0% used [0x02c00000, 0x02c00000, 0x06910000)
  from space 7808K, 100% used [0x06910000, 0x070b0000, 0x070b0000)
  to   space 7808K,   0% used [0x070b0000, 0x070b0000, 0x07850000)
 tenured generation   total 156180K, used 131319K [0x08150000, 0x119d5000, 0x12c00000)
   the space 156180K,  84% used [0x08150000, 0x1018dee0, 0x1018e000, 0x119d5000)
 compacting perm gen  total 12288K, used 7284K [0x12c00000, 0x13800000, 0x16c00000)
   the space 12288K,  59% used [0x12c00000, 0x1331d348, 0x1331d400, 0x13800000)
No shared spaces configured.
}
Event: 15.342 GC heap before
{Heap before GC invocations=46 (full 5):
 def new generation   total 70336K, used 70336K [0x02c00000, 0x07850000, 0x08150000)
  eden space 62528K, 100% used [0x02c00000, 0x06910000, 0x06910000)
  from space 7808K, 100% used [0x06910000, 0x070b0000, 0x070b0000)
  to   space 7808K,   0% used [0x070b0000, 0x070b0000, 0x07850000)
 tenured generation   total 156180K, used 131319K [0x08150000, 0x119d5000, 0x12c00000)
   the space 156180K,  84% used [0x08150000, 0x1018dee0, 0x1018e000, 0x119d5000)
 compacting perm gen  total 12288K, used 7284K [0x12c00000, 0x13800000, 0x16c00000)
   the space 12288K,  59% used [0x12c00000, 0x1331d348, 0x1331d400, 0x13800000)
No shared spaces configured.
Event: 15.465 GC heap after
Heap after GC invocations=47 (full 5):
 def new generation   total 70336K, used 7808K [0x02c00000, 0x07850000, 0x08150000)
  eden space 62528K,   0% used [0x02c00000, 0x02c00000, 0x06910000)
  from space 7808K, 100% used [0x070b0000, 0x07850000, 0x07850000)
  to   space 7808K,   0% used [0x06910000, 0x06910000, 0x070b0000)
 tenured generation   total 156180K, used 141663K [0x08150000, 0x119d5000, 0x12c00000)
   the space 156180K,  90% used [0x08150000, 0x10ba7d90, 0x10ba7e00, 0x119d5000)
 compacting perm gen  total 12288K, used 7284K [0x12c00000, 0x13800000, 0x16c00000)
   the space 12288K,  59% used [0x12c00000, 0x1331d348, 0x1331d400, 0x13800000)
No shared spaces configured.
}
Event: 16.162 GC heap before
{Heap before GC invocations=47 (full 5):
 def new generation   total 70336K, used 70336K [0x02c00000, 0x07850000, 0x08150000)
  eden space 62528K, 100% used [0x02c00000, 0x06910000, 0x06910000)
  from space 7808K, 100% used [0x070b0000, 0x07850000, 0x07850000)
  to   space 7808K,   0% used [0x06910000, 0x06910000, 0x070b0000)
 tenured generation   total 156180K, used 141663K [0x08150000, 0x119d5000, 0x12c00000)
   the space 156180K,  90% used [0x08150000, 0x10ba7d90, 0x10ba7e00, 0x119d5000)
 compacting perm gen  total 12288K, used 7284K [0x12c00000, 0x13800000, 0x16c00000)
   the space 12288K,  59% used [0x12c00000, 0x1331d348, 0x1331d400, 0x13800000)
No shared spaces configured.
Event: 16.280 GC heap after
Heap after GC invocations=48 (full 5):
 def new generation   total 70336K, used 7808K [0x02c00000, 0x07850000, 0x08150000)
  eden space 62528K,   0% used [0x02c00000, 0x02c00000, 0x06910000)
  from space 7808K, 100% used [0x06910000, 0x070b0000, 0x070b0000)
  to   space 7808K,   0% used [0x070b0000, 0x070b0000, 0x07850000)
 tenured generation   total 156180K, used 151920K [0x08150000, 0x119d5000, 0x12c00000)
   the space 156180K,  97% used [0x08150000, 0x115ac3b8, 0x115ac400, 0x119d5000)
 compacting perm gen  total 12288K, used 7284K [0x12c00000, 0x13800000, 0x16c00000)
   the space 12288K,  59% used [0x12c00000, 0x1331d348, 0x1331d400, 0x13800000)
No shared spaces configured.
}
Event: 16.974 GC heap before
{Heap before GC invocations=48 (full 5):
 def new generation   total 70336K, used 70336K [0x02c00000, 0x07850000, 0x08150000)
  eden space 62528K, 100% used [0x02c00000, 0x06910000, 0x06910000)
  from space 7808K, 100% used [0x06910000, 0x070b0000, 0x070b0000)
  to   space 7808K,   0% used [0x070b0000, 0x070b0000, 0x07850000)
 tenured generation   total 156180K, used 151920K [0x08150000, 0x119d5000, 0x12c00000)
   the space 156180K,  97% used [0x08150000, 0x115ac3b8, 0x115ac400, 0x119d5000)
 compacting perm gen  total 12288K, used 7284K [0x12c00000, 0x13800000, 0x16c00000)
   the space 12288K,  59% used [0x12c00000, 0x1331d348, 0x1331d400, 0x13800000)
No shared spaces configured.
Event: 18.049 GC heap after
Heap after GC invocations=49 (full 6):
 def new generation   total 78656K, used 7756K [0x02c00000, 0x08150000, 0x08150000)
  eden space 69952K,  11% used [0x02c00000, 0x03393058, 0x07050000)
  from space 8704K,   0% used [0x07050000, 0x07050000, 0x078d0000)
  to   space 8704K,   0% used [0x078d0000, 0x078d0000, 0x08150000)
 tenured generation   total 174784K, used 162324K [0x08150000, 0x12c00000, 0x12c00000)
   the space 174784K,  92% used [0x08150000, 0x11fd5000, 0x11fd5000, 0x12c00000)
 compacting perm gen  total 12288K, used 7284K [0x12c00000, 0x13800000, 0x16c00000)
   the space 12288K,  59% used [0x12c00000, 0x1331d348, 0x1331d400, 0x13800000)
No shared spaces configured.
}

Deoptimization events (0 events):
No events

Internal exceptions (10 events):
Event: 18.516 Thread 0x0085b400 Threw 0x05bf4f30 at C:\re\jdk7u80\2329\hotspot\src\share\vm\prims\jvm.cpp:1319
Event: 18.517 Thread 0x0085b400 Threw 0x05bf9f48 at C:\re\jdk7u80\2329\hotspot\src\share\vm\prims\jvm.cpp:1319
Event: 18.518 Thread 0x0085b400 Threw 0x05bfe730 at C:\re\jdk7u80\2329\hotspot\src\share\vm\prims\jvm.cpp:1319
Event: 18.518 Thread 0x0085b400 Threw 0x05c02d80 at C:\re\jdk7u80\2329\hotspot\src\share\vm\prims\jvm.cpp:1319
Event: 18.520 Thread 0x0085b400 Threw 0x05c155f8 at C:\re\jdk7u80\2329\hotspot\src\share\vm\prims\jvm.cpp:1319
Event: 18.522 Thread 0x0085b400 Threw 0x05c29c08 at C:\re\jdk7u80\2329\hotspot\src\share\vm\prims\jvm.cpp:1319
Event: 18.530 Thread 0x0085b400 Threw 0x05cd5050 at C:\re\jdk7u80\2329\hotspot\src\share\vm\prims\jvm.cpp:1319
Event: 18.531 Thread 0x0085b400 Threw 0x05ce9458 at C:\re\jdk7u80\2329\hotspot\src\share\vm\prims\jvm.cpp:1319
Event: 18.536 Thread 0x0085b400 Threw 0x05cf8498 at C:\re\jdk7u80\2329\hotspot\src\share\vm\prims\jvm.cpp:1319
Event: 54.469 Thread 0x0085b400 Threw 0x05cff4f0 at C:\re\jdk7u80\2329\hotspot\src\share\vm\prims\jvm.cpp:1319

Events (10 events):
Event: 82.615 Executing VM operation: ChangeSingleStep
Event: 82.615 Executing VM operation: ChangeSingleStep done
Event: 82.616 Executing VM operation: ChangeSingleStep
Event: 82.616 Executing VM operation: ChangeSingleStep done
Event: 82.633 Executing VM operation: GetOrSetLocal
Event: 82.633 Executing VM operation: GetOrSetLocal done
Event: 82.637 Executing VM operation: GetOrSetLocal
Event: 82.637 Executing VM operation: GetOrSetLocal done
Event: 83.091 Executing VM operation: GetOrSetLocal
Event: 83.091 Executing VM operation: GetOrSetLocal done


Dynamic libraries:
0x00400000 - 0x0042f000 	C:\Program Files\Java\jdk1.7.0_80\bin\javaw.exe
0x7c900000 - 0x7c9b3000 	C:\WINDOWS\system32\ntdll.dll
0x7c800000 - 0x7c8f8000 	C:\WINDOWS\system32\kernel32.dll
0x77dc0000 - 0x77e6c000 	C:\WINDOWS\system32\ADVAPI32.dll
0x77e70000 - 0x77f03000 	C:\WINDOWS\system32\RPCRT4.dll
0x77fe0000 - 0x77ff1000 	C:\WINDOWS\system32\Secur32.dll
0x7e360000 - 0x7e3fe000 	C:\WINDOWS\system32\USER32.dll
0x77f10000 - 0x77f59000 	C:\WINDOWS\system32\GDI32.dll
0x773c0000 - 0x774c3000 	C:\WINDOWS\WinSxS\x86_Microsoft.Windows.Common-Controls_6595b64144ccf1df_6.0.2600.6028_x-ww_61e65202\COMCTL32.dll
0x77c00000 - 0x77c58000 	C:\WINDOWS\system32\msvcrt.dll
0x77f60000 - 0x77fd6000 	C:\WINDOWS\system32\SHLWAPI.dll
0x78aa0000 - 0x78b5f000 	C:\Program Files\Java\jdk1.7.0_80\jre\bin\msvcr100.dll
0x6e8e0000 - 0x6ec6b000 	C:\Program Files\Java\jdk1.7.0_80\jre\bin\client\jvm.dll
0x71ab0000 - 0x71aba000 	C:\WINDOWS\system32\WSOCK32.dll
0x71a90000 - 0x71aa7000 	C:\WINDOWS\system32\WS2_32.dll
0x71a80000 - 0x71a88000 	C:\WINDOWS\system32\WS2HELP.dll
0x76b20000 - 0x76b4e000 	C:\WINDOWS\system32\WINMM.dll
0x76be0000 - 0x76beb000 	C:\WINDOWS\system32\PSAPI.DLL
0x6e830000 - 0x6e83c000 	C:\Program Files\Java\jdk1.7.0_80\jre\bin\verify.dll
0x6d590000 - 0x6d5b1000 	C:\Program Files\Java\jdk1.7.0_80\jre\bin\java.dll
0x6d6e0000 - 0x6d70a000 	C:\Program Files\Java\jdk1.7.0_80\jre\bin\jdwp.dll
0x6e6b0000 - 0x6e6b7000 	C:\Program Files\Java\jdk1.7.0_80\jre\bin\npt.dll
0x6e8c0000 - 0x6e8d3000 	C:\Program Files\Java\jdk1.7.0_80\jre\bin\zip.dll
0x6d350000 - 0x6d358000 	C:\Program Files\Java\jdk1.7.0_80\jre\bin\dt_socket.dll
0x71a30000 - 0x71a70000 	C:\WINDOWS\System32\mswsock.dll
0x76f10000 - 0x76f37000 	C:\WINDOWS\system32\DNSAPI.dll
0x76d50000 - 0x76d69000 	C:\WINDOWS\system32\iphlpapi.dll
0x76fa0000 - 0x76fa8000 	C:\WINDOWS\System32\winrnr.dll
0x76f50000 - 0x76f7d000 	C:\WINDOWS\system32\WLDAP32.dll
0x76fb0000 - 0x76fb6000 	C:\WINDOWS\system32\rasadhlp.dll
0x698b0000 - 0x69908000 	C:\WINDOWS\system32\hnetcfg.dll
0x71a70000 - 0x71a78000 	C:\WINDOWS\System32\wshtcpip.dll
0x68000000 - 0x68036000 	C:\WINDOWS\system32\rsaenh.dll
0x769a0000 - 0x76a55000 	C:\WINDOWS\system32\USERENV.dll
0x5bd50000 - 0x5bda6000 	C:\WINDOWS\system32\netapi32.dll
0x6e600000 - 0x6e614000 	C:\Program Files\Java\jdk1.7.0_80\jre\bin\net.dll
0x76d30000 - 0x76d48000 	C:\WINDOWS\system32\MPRAPI.dll
0x77cb0000 - 0x77ce2000 	C:\WINDOWS\system32\ACTIVEDS.dll
0x76e00000 - 0x76e25000 	C:\WINDOWS\system32\adsldpc.dll
0x76b00000 - 0x76b11000 	C:\WINDOWS\system32\ATL.DLL
0x774d0000 - 0x7760e000 	C:\WINDOWS\system32\ole32.dll
0x77110000 - 0x7719b000 	C:\WINDOWS\system32\OLEAUT32.dll
0x76e70000 - 0x76e7e000 	C:\WINDOWS\system32\rtutils.dll
0x71bd0000 - 0x71be3000 	C:\WINDOWS\system32\SAMLIB.dll
0x77910000 - 0x77a04000 	C:\WINDOWS\system32\SETUPAPI.dll
0x6e620000 - 0x6e62f000 	C:\Program Files\Java\jdk1.7.0_80\jre\bin\nio.dll
0x59c60000 - 0x59d01000 	C:\WINDOWS\system32\dbghelp.dll
0x77bf0000 - 0x77bf8000 	C:\WINDOWS\system32\VERSION.dll

VM Arguments:
jvm_args: -agentlib:jdwp=transport=dt_socket,suspend=y,address=localhost:4162 -Dfile.encoding=Cp1251 
java_command: main.Start
Launcher Type: SUN_STANDARD

Environment Variables:
JAVA_HOME=C:\Program Files\Java\jdk1.7.0_71\
CLASSPATH=E:\Torrents\Java\core_java_2\Derby\db-derby-10.10.2.0-bin\\lib\derby.jar;E:\Torrents\Java\core_java_2\Derby\db-derby-10.10.2.0-bin\\lib\derbytools.jar;E:\Torrents\Java\core_java_2\mongo\mongodb-win32-i386-2.0.7\;E:\Torrents\Java\core_java_2\Maven\;E:\Torrents\Java\core_java_2\mongo\JavaDriver3.0.0-rc1\; C:\Program Files\Java\jdk1.7.0_71\bin\;
PATH=C:\Program Files\Java\jdk1.7.0_80\jre\bin;C:/Program Files/Java/jre7/bin/client;C:/Program Files/Java/jre7/bin;C:/Program Files/Java/jre7/lib/i386;C:\Program Files\PC Connectivity Solution\;C:\WINDOWS\system32;C:\WINDOWS;C:\WINDOWS\System32\Wbem;C:\Program Files\ATI Technologies\ATI.ACE\Core-Static;C:\Program Files\Intel\WiFi\bin\;C:\Program Files\Common Files\Acronis\SnapAPI\; C:\Program Files\Java\jdk1.7.0_67\bin;C:\Windows\System32\;C:\Windows\;C:\Windows\System32\Wbem;DERBY_HOME\bin;DERBY_HOME\lib;C:\Program Files\PC Connectivity Solution\;C:\WINDOWS\system32;C:\WINDOWS;C:\WINDOWS\System32\Wbem;C:\Program Files\ATI Technologies\ATI.ACE\Core-Static;C:\Program Files\Intel\WiFi\bin\;C:\Program Files\Common Files\Acronis\SnapAPI\; C:\Program Files\Java\jdk1.7.0_67\bin;C:\Windows\System32\;C:\Windows\;C:\Windows\System32\Wbem;DERBY_HOME\bin;DERBY_HOME\lib;C:\Program Files\PC Connectivity Solution\;C:\WINDOWS\system32;C:\WINDOWS;C:\WINDOWS\System32\Wbem;C:\Program Files\ATI Technologies\ATI.ACE\Core-Static;C:\Program Files\Intel\WiFi\bin\;C:\Program Files\Common Files\Acronis\SnapAPI\; C:\Program Files\Java\jdk1.7.0_67\bin;C:\Windows\System32\;C:\Windows\;C:\Windows\System32\Wbem;DERBY_HOME\bin;DERBY_HOME\lib;C:\WINDOWS\System32;E:\Torrents\Java\core_java_2\mongo\mongodb-win32-i386-2.0.7\bin\;E:\Torrents\Java\core_java_2\Maven\apache-maven-3.1.1-bin\apache-maven-3.1.1\bin\;DERBY_HOME/bin;C:\Program Files\Java\jdk1.7.0_71\bin\;C:\Program Files\Skype\Phone\;E:\Torrents\Java\core_java_2\mongo\mongodb-win32-i386-2.0.7\bin\;E:\Torrents\Java\core_java_2\Maven\apache-maven-3.1.1-bin\apache-maven-3.1.1\bin\;DERBY_HOME/bin;C:\Program Files\Java\jdk1.7.0_71\bin\;C:\Program Files\Skype\Phone\;E:\Torrents\Java\core_java_2\mongo\mongodb-win32-i386-2.0.7\bin\;E:\Torrents\Java\core_java_2\Maven\apache-maven-3.1.1-bin\apache-maven-3.1.1\bin\;DERBY_HOME/bin;C:\Program Files\Java\jdk1.7.0_71\bin\;C:\Program Files\Skype\Phone\;C:\Documents and Settings\VOLAND;
USERNAME=VOLAND
OS=Windows_NT
PROCESSOR_IDENTIFIER=x86 Family 6 Model 23 Stepping 10, GenuineIntel



---------------  S Y S T E M  ---------------

OS: Windows XP Build 2600 Service Pack 3

CPU:total 2 (2 cores per cpu, 1 threads per core) family 6 model 23 stepping 10, cmov, cx8, fxsr, mmx, sse, sse2, sse3, ssse3, sse4.1, tsc

Memory: 4k page, physical 3139780k(401832k free), swap 9260732k(3069232k free)

vm_info: Java HotSpot(TM) Client VM (24.80-b11) for windows-x86 JRE (1.7.0_80-b15), built on Apr 10 2015 13:33:35 by "java_re" with unknown MS VC++:1600

time: Mon Jul 04 00:09:04 2016
elapsed time: 83 seconds

